2026-06-09 00:08:36,112 | INFO | Connected to Binance Futures Testnet
2026-06-09 00:08:39,810 | INFO | Market Order Requested: BTCUSDT BUY 0.001
2026-06-09 00:08:40,065 | INFO | API Response: {'orderId': 14515231745, 'symbol': 'BTCUSDT', 'status': 'NEW', 'clientOrderId': 'x-Cb7ytekJ3c0a06be2e11d66763d7ae', 'price': '0.00', 'origQty': '0.0010', 'executedQty': '0.0000', 'cumQty': '0.0000', 'timeInForce': 'GTC', 'type': 'MARKET', 'reduceOnly': False, 'closePosition': False, 'side': 'BUY', 'positionSide': 'BOTH', 'stopPrice': '0.00', 'workingType': 'CONTRACT_PRICE', 'priceProtect': False, 'origType': 'MARKET', 'priceMatch': 'NONE', 'selfTradePreventionMode': 'EXPIRE_MAKER', 'goodTillDate': 0, 'updateTime': 1780943918906}
2026-06-09 00:08:43,456 | INFO | Final Order Details: {'orderId': 14515231745, 'symbol': 'BTCUSDT', 'status': 'FILLED', 'clientOrderId': 'x-Cb7ytekJ3c0a06be2e11d66763d7ae', 'price': '0.00', 'avgPrice': '63555.500000', 'origQty': '0.0010', 'executedQty': '0.0010', 'cumQuote': '63.555500', 'timeInForce': 'GTC', 'type': 'MARKET', 'reduceOnly': False, 'closePosition': False, 'side': 'BUY', 'positionSide': 'BOTH', 'stopPrice': '0.00', 'workingType': 'CONTRACT_PRICE', 'priceProtect': False, 'origType': 'MARKET', 'priceMatch': 'NONE', 'selfTradePreventionMode': 'EXPIRE_MAKER', 'goodTillDate': 0, 'time': 1780943918906, 'updateTime': 1780943918906}
2026-06-09 00:08:55,773 | INFO | Connected to Binance Futures Testnet
2026-06-09 00:08:57,018 | INFO | LIMIT order requested: BTCUSDT BUY 0.001 @ 50000.0
2026-06-09 00:08:57,417 | INFO | API Response: {'orderId': 14515246831, 'symbol': 'BTCUSDT', 'status': 'NEW', 'clientOrderId': 'x-Cb7ytekJd45805b77b7f92de13d88a', 'price': '50000.00', 'origQty': '0.0010', 'executedQty': '0.0000', 'cumQty': '0.0000', 'timeInForce': 'GTC', 'type': 'LIMIT', 'reduceOnly': False, 'closePosition': False, 'side': 'BUY', 'positionSide': 'BOTH', 'stopPrice': '0.00', 'workingType': 'CONTRACT_PRICE', 'priceProtect': False, 'origType': 'LIMIT', 'priceMatch': 'NONE', 'selfTradePreventionMode': 'EXPIRE_MAKER', 'goodTillDate': 0, 'updateTime': 1780943936311}
2026-06-09 00:08:58,650 | INFO | Final Order Details: {'orderId': 14515246831, 'symbol': 'BTCUSDT', 'status': 'NEW', 'clientOrderId': 'x-Cb7ytekJd45805b77b7f92de13d88a', 'price': '50000.00', 'avgPrice': '0.00', 'origQty': '0.0010', 'executedQty': '0.0000', 'cumQuote': '0.000000', 'timeInForce': 'GTC', 'type': 'LIMIT', 'reduceOnly': False, 'closePosition': False, 'side': 'BUY', 'positionSide': 'BOTH', 'stopPrice': '0.00', 'workingType': 'CONTRACT_PRICE', 'priceProtect': False, 'origType': 'LIMIT', 'priceMatch': 'NONE', 'selfTradePreventionMode': 'EXPIRE_MAKER', 'goodTillDate': 0, 'time': 1780943936311, 'updateTime': 1780943936311}
2026-06-09 00:09:06,673 | INFO | Connected to Binance Futures Testnet
2026-06-09 00:09:09,434 | ERROR | Unsupported symbol: INVALIDUSDT
2026-06-09 00:09:48,302 | INFO | Connected to Binance Futures Testnet
2026-06-09 00:09:49,090 | ERROR | Unsupported symbol: RANDOMCURRENCY
2026-06-09 11:44:06,876 | INFO | Connected to Binance Futures Testnet
2026-06-09 11:44:07,452 | INFO | Market Order Requested: BTCUSDT BUY 0.001
2026-06-09 11:44:07,599 | INFO | API Response: {'orderId': 14547570040, 'symbol': 'BTCUSDT', 'status': 'NEW', 'clientOrderId': 'x-Cb7ytekJ8621818220882ea9b4930b', 'price': '0.00', 'origQty': '0.0010', 'executedQty': '0.0000', 'cumQty': '0.0000', 'timeInForce': 'GTC', 'type': 'MARKET', 'reduceOnly': False, 'closePosition': False, 'side': 'BUY', 'positionSide': 'BOTH', 'stopPrice': '0.00', 'workingType': 'CONTRACT_PRICE', 'priceProtect': False, 'origType': 'MARKET', 'priceMatch': 'NONE', 'selfTradePreventionMode': 'EXPIRE_MAKER', 'goodTillDate': 0, 'updateTime': 1780985648719}
2026-06-09 11:44:08,776 | WARNING | Could not fetch final order details: APIError(code=-2013): Order does not exist.
2026-06-09 11:44:14,607 | INFO | Connected to Binance Futures Testnet
2026-06-09 11:44:15,111 | INFO | Market Order Requested: BTCUSDT BUY 0.001
2026-06-09 11:44:15,245 | INFO | API Response: {'orderId': 14547574002, 'symbol': 'BTCUSDT', 'status': 'NEW', 'clientOrderId': 'x-Cb7ytekJ6b42323f928b98ae916cfc', 'price': '0.00', 'origQty': '0.0010', 'executedQty': '0.0000', 'cumQty': '0.0000', 'timeInForce': 'GTC', 'type': 'MARKET', 'reduceOnly': False, 'closePosition': False, 'side': 'BUY', 'positionSide': 'BOTH', 'stopPrice': '0.00', 'workingType': 'CONTRACT_PRICE', 'priceProtect': False, 'origType': 'MARKET', 'priceMatch': 'NONE', 'selfTradePreventionMode': 'EXPIRE_MAKER', 'goodTillDate': 0, 'updateTime': 1780985656376}
2026-06-09 11:44:16,429 | WARNING | Could not fetch final order details: APIError(code=-2013): Order does not exist.
2026-06-09 11:44:35,841 | INFO | Connected to Binance Futures Testnet
2026-06-09 11:44:36,638 | INFO | Market Order Requested: BTCUSDT SELL 0.001
2026-06-09 11:44:36,972 | INFO | API Response: {'orderId': 14547585133, 'symbol': 'BTCUSDT', 'status': 'NEW', 'clientOrderId': 'x-Cb7ytekJ9213a4b0c5144a637b2048', 'price': '0.00', 'origQty': '0.0010', 'executedQty': '0.0000', 'cumQty': '0.0000', 'timeInForce': 'GTC', 'type': 'MARKET', 'reduceOnly': False, 'closePosition': False, 'side': 'SELL', 'positionSide': 'BOTH', 'stopPrice': '0.00', 'workingType': 'CONTRACT_PRICE', 'priceProtect': False, 'origType': 'MARKET', 'priceMatch': 'NONE', 'selfTradePreventionMode': 'EXPIRE_MAKER', 'goodTillDate': 0, 'updateTime': 1780985678100}
2026-06-09 11:44:38,310 | INFO | Final Order Details: {'orderId': 14547585133, 'symbol': 'BTCUSDT', 'status': 'FILLED', 'clientOrderId': 'x-Cb7ytekJ9213a4b0c5144a637b2048', 'price': '0.00', 'avgPrice': '63340.200000', 'origQty': '0.0010', 'executedQty': '0.0010', 'cumQuote': '63.340200', 'timeInForce': 'GTC', 'type': 'MARKET', 'reduceOnly': False, 'closePosition': False, 'side': 'SELL', 'positionSide': 'BOTH', 'stopPrice': '0.00', 'workingType': 'CONTRACT_PRICE', 'priceProtect': False, 'origType': 'MARKET', 'priceMatch': 'NONE', 'selfTradePreventionMode': 'EXPIRE_MAKER', 'goodTillDate': 0, 'time': 1780985678100, 'updateTime': 1780985678100}
2026-06-09 11:45:01,813 | INFO | Connected to Binance Futures Testnet
2026-06-09 11:45:02,441 | INFO | LIMIT order requested: BTCUSDT BUY 0.001 @ 50000.0
2026-06-09 11:45:02,576 | INFO | API Response: {'orderId': 14547599103, 'symbol': 'BTCUSDT', 'status': 'NEW', 'clientOrderId': 'x-Cb7ytekJd67627f282554c8b49145', 'price': '50000.00', 'origQty': '0.0010', 'executedQty': '0.0000', 'cumQty': '0.0000', 'timeInForce': 'GTC', 'type': 'LIMIT', 'reduceOnly': False, 'closePosition': False, 'side': 'BUY', 'positionSide': 'BOTH', 'stopPrice': '0.00', 'workingType': 'CONTRACT_PRICE', 'priceProtect': False, 'origType': 'LIMIT', 'priceMatch': 'NONE', 'selfTradePreventionMode': 'EXPIRE_MAKER', 'goodTillDate': 0, 'updateTime': 1780985703703}
2026-06-09 11:45:03,724 | INFO | Final Order Details: {'orderId': 14547599103, 'symbol': 'BTCUSDT', 'status': 'NEW', 'clientOrderId': 'x-Cb7ytekJd67627f282554c8b49145', 'price': '50000.00', 'avgPrice': '0.00', 'origQty': '0.0010', 'executedQty': '0.0000', 'cumQuote': '0.000000', 'timeInForce': 'GTC', 'type': 'LIMIT', 'reduceOnly': False, 'closePosition': False, 'side': 'BUY', 'positionSide': 'BOTH', 'stopPrice': '0.00', 'workingType': 'CONTRACT_PRICE', 'priceProtect': False, 'origType': 'LIMIT', 'priceMatch': 'NONE', 'selfTradePreventionMode': 'EXPIRE_MAKER', 'goodTillDate': 0, 'time': 1780985703703, 'updateTime': 1780985703703}
